# JRE version: Java(TM) SE Runtime Environment 18.9 (11.0.17+10) (build 11.0.17+10-LTS-269)
# Java VM: Java HotSpot(TM) 64-Bit Server VM 18.9 (11.0.17+10-LTS-269, mixed mode, tiered, compressed oops, g1 gc, windows-amd64)
Heap:
 garbage-first heap   total 385024K, used 79947K [0x0000000080000000, 0x0000000100000000)
  region size 1024K, 44 young (45056K), 22 survivors (22528K)
 Metaspace       used 72625K, capacity 74839K, committed 75136K, reserved 581632K
  class space    used 9649K, capacity 10555K, committed 10624K, reserved 516096K
GC Heap History (10 events):
Event: 2.898 GC heap before
{Heap before GC invocations=4 (full 0):
 garbage-first heap   total 385024K, used 93443K [0x0000000080000000, 0x0000000100000000)
  region size 1024K, 77 young (78848K), 3 survivors (3072K)
 Metaspace       used 34770K, capacity 35636K, committed 35840K, reserved 548864K
  class space    used 4549K, capacity 4864K, committed 4864K, reserved 516096K
}
Event: 2.902 GC heap after
{Heap after GC invocations=5 (full 0):
 garbage-first heap   total 385024K, used 22164K [0x0000000080000000, 0x0000000100000000)
  region size 1024K, 6 young (6144K), 6 survivors (6144K)
 Metaspace       used 34770K, capacity 35636K, committed 35840K, reserved 548864K
  class space    used 4549K, capacity 4864K, committed 4864K, reserved 516096K
}
Event: 26.506 GC heap before
{Heap before GC invocations=6 (full 0):
 garbage-first heap   total 385024K, used 144020K [0x0000000080000000, 0x0000000100000000)
  region size 1024K, 122 young (124928K), 6 survivors (6144K)
 Metaspace       used 44003K, capacity 45274K, committed 45312K, reserved 557056K
  class space    used 5617K, capacity 6123K, committed 6144K, reserved 516096K
}
Event: 26.514 GC heap after
{Heap after GC invocations=7 (full 0):
 garbage-first heap   total 385024K, used 31271K [0x0000000080000000, 0x0000000100000000)
  region size 1024K, 15 young (15360K), 15 survivors (15360K)
 Metaspace       used 44003K, capacity 45274K, committed 45312K, reserved 557056K
  class space    used 5617K, capacity 6123K, committed 6144K, reserved 516096K
}
Event: 27.913 GC heap before
{Heap before GC invocations=7 (full 0):
 garbage-first heap   total 385024K, used 201255K [0x0000000080000000, 0x0000000100000000)
  region size 1024K, 177 young (181248K), 15 survivors (15360K)
 Metaspace       used 56831K, capacity 58597K, committed 58752K, reserved 567296K
  class space    used 7515K, capacity 8245K, committed 8320K, reserved 516096K
}
Event: 27.922 GC heap after
{Heap after GC invocations=8 (full 0):
 garbage-first heap   total 385024K, used 42203K [0x0000000080000000, 0x0000000100000000)
  region size 1024K, 16 young (16384K), 16 survivors (16384K)
 Metaspace       used 56831K, capacity 58597K, committed 58752K, reserved 567296K
  class space    used 7515K, capacity 8245K, committed 8320K, reserved 516096K
}
Event: 28.044 GC heap before
{Heap before GC invocations=8 (full 0):
 garbage-first heap   total 385024K, used 57563K [0x0000000080000000, 0x0000000100000000)
  region size 1024K, 32 young (32768K), 16 survivors (16384K)
 Metaspace       used 58148K, capacity 59842K, committed 59904K, reserved 569344K
  class space    used 7705K, capacity 8406K, committed 8448K, reserved 516096K
}
Event: 28.050 GC heap after
{Heap after GC invocations=9 (full 0):
 garbage-first heap   total 385024K, used 43664K [0x0000000080000000, 0x0000000100000000)
  region size 1024K, 10 young (10240K), 10 survivors (10240K)
 Metaspace       used 58148K, capacity 59842K, committed 59904K, reserved 569344K
  class space    used 7705K, capacity 8406K, committed 8448K, reserved 516096K
}
Event: 29.825 GC heap before
{Heap before GC invocations=10 (full 0):
 garbage-first heap   total 385024K, used 260752K [0x0000000080000000, 0x0000000100000000)
  region size 1024K, 221 young (226304K), 10 survivors (10240K)
 Metaspace       used 70083K, capacity 72336K, committed 72576K, reserved 579584K
  class space    used 9315K, capacity 10259K, committed 10368K, reserved 516096K
}
Event: 29.836 GC heap after
{Heap after GC invocations=11 (full 0):
 garbage-first heap   total 385024K, used 58443K [0x0000000080000000, 0x0000000100000000)
  region size 1024K, 22 young (22528K), 22 survivors (22528K)
 Metaspace       used 70083K, capacity 72336K, committed 72576K, reserved 579584K
  class space    used 9315K, capacity 10259K, committed 10368K, reserved 516096K
}

