# JRE version: Java(TM) SE Runtime Environment 18.9 (11.0.17+10) (build 11.0.17+10-LTS-269)
# Java VM: Java HotSpot(TM) 64-Bit Server VM 18.9 (11.0.17+10-LTS-269, mixed mode, tiered, compressed oops, g1 gc, windows-amd64)
Heap:
 garbage-first heap   total 385024K, used 178176K [0x0000000080000000, 0x0000000100000000)
  region size 1024K, 40 young (40960K), 17 survivors (17408K)
 Metaspace       used 110849K, capacity 114205K, committed 114496K, reserved 616448K
  class space    used 14796K, capacity 16132K, committed 16256K, reserved 516096K
GC Heap History (10 events):
Event: 15.244 GC heap before
{Heap before GC invocations=12 (full 0):
 garbage-first heap   total 385024K, used 284082K [0x0000000080000000, 0x0000000100000000)
  region size 1024K, 225 young (230400K), 29 survivors (29696K)
 Metaspace       used 96053K, capacity 98873K, committed 99064K, reserved 602112K
  class space    used 12871K, capacity 14004K, committed 14080K, reserved 516096K
}
Event: 15.262 GC heap after
{Heap after GC invocations=13 (full 0):
 garbage-first heap   total 385024K, used 107216K [0x0000000080000000, 0x0000000100000000)
  region size 1024K, 23 young (23552K), 23 survivors (23552K)
 Metaspace       used 96053K, capacity 98873K, committed 99064K, reserved 602112K
  class space    used 12871K, capacity 14004K, committed 14080K, reserved 516096K
}
Event: 15.423 GC heap before
{Heap before GC invocations=13 (full 0):
 garbage-first heap   total 385024K, used 120528K [0x0000000080000000, 0x0000000100000000)
  region size 1024K, 37 young (37888K), 23 survivors (23552K)
 Metaspace       used 97402K, capacity 100155K, committed 100344K, reserved 602112K
  class space    used 13097K, capacity 14210K, committed 14336K, reserved 516096K
}
Event: 15.432 GC heap after
{Heap after GC invocations=14 (full 0):
 garbage-first heap   total 385024K, used 109690K [0x0000000080000000, 0x0000000100000000)
  region size 1024K, 4 young (4096K), 4 survivors (4096K)
 Metaspace       used 97402K, capacity 100155K, committed 100344K, reserved 602112K
  class space    used 13097K, capacity 14210K, committed 14336K, reserved 516096K
}
Event: 16.890 GC heap before
{Heap before GC invocations=15 (full 0):
 garbage-first heap   total 385024K, used 303226K [0x0000000080000000, 0x0000000100000000)
  region size 1024K, 194 young (198656K), 4 survivors (4096K)
 Metaspace       used 104700K, capacity 107859K, committed 107968K, reserved 610304K
  class space    used 13993K, capacity 15288K, committed 15360K, reserved 516096K
}
Event: 16.900 GC heap after
{Heap after GC invocations=16 (full 0):
 garbage-first heap   total 385024K, used 123390K [0x0000000080000000, 0x0000000100000000)
  region size 1024K, 18 young (18432K), 18 survivors (18432K)
 Metaspace       used 104700K, capacity 107859K, committed 107968K, reserved 610304K
  class space    used 13993K, capacity 15288K, committed 15360K, reserved 516096K
}
Event: 17.874 GC heap before
{Heap before GC invocations=17 (full 0):
 garbage-first heap   total 385024K, used 327166K [0x0000000080000000, 0x0000000100000000)
  region size 1024K, 194 young (198656K), 18 survivors (18432K)
 Metaspace       used 106282K, capacity 109515K, committed 109632K, reserved 610304K
  class space    used 14146K, capacity 15453K, committed 15488K, reserved 516096K
}
Event: 17.888 GC heap after
{Heap after GC invocations=18 (full 0):
 garbage-first heap   total 385024K, used 137458K [0x0000000080000000, 0x0000000100000000)
  region size 1024K, 15 young (15360K), 15 survivors (15360K)
 Metaspace       used 106282K, capacity 109515K, committed 109632K, reserved 610304K
  class space    used 14146K, capacity 15453K, committed 15488K, reserved 516096K
}
Event: 18.711 GC heap before
{Heap before GC invocations=18 (full 0):
 garbage-first heap   total 385024K, used 319730K [0x0000000080000000, 0x0000000100000000)
  region size 1024K, 180 young (184320K), 15 survivors (15360K)
 Metaspace       used 110310K, capacity 113612K, committed 113856K, reserved 614400K
  class space    used 14724K, capacity 16019K, committed 16128K, reserved 516096K
}
Event: 18.723 GC heap after
{Heap after GC invocations=19 (full 0):
 garbage-first heap   total 385024K, used 156672K [0x0000000080000000, 0x0000000100000000)
  region size 1024K, 17 young (17408K), 17 survivors (17408K)
 Metaspace       used 110310K, capacity 113612K, committed 113856K, reserved 614400K
  class space    used 14724K, capacity 16019K, committed 16128K, reserved 516096K
}

