# JRE version: Java(TM) SE Runtime Environment 18.9 (11.0.17+10) (build 11.0.17+10-LTS-269)
# Java VM: Java HotSpot(TM) 64-Bit Server VM 18.9 (11.0.17+10-LTS-269, mixed mode, tiered, compressed oops, g1 gc, windows-amd64)
Heap:
 garbage-first heap   total 385024K, used 186367K [0x0000000080000000, 0x0000000100000000)
  region size 1024K, 139 young (142336K), 29 survivors (29696K)
 Metaspace       used 94511K, capacity 96899K, committed 97152K, reserved 600064K
  class space    used 12651K, capacity 13671K, committed 13696K, reserved 516096K
GC Heap History (10 events):
Event: 8.250 GC heap before
{Heap before GC invocations=6 (full 0):
 garbage-first heap   total 385024K, used 139219K [0x0000000080000000, 0x0000000100000000)
  region size 1024K, 117 young (119808K), 6 survivors (6144K)
 Metaspace       used 43519K, capacity 44717K, committed 44800K, reserved 555008K
  class space    used 5587K, capacity 6073K, committed 6144K, reserved 516096K
}
Event: 8.260 GC heap after
{Heap after GC invocations=7 (full 0):
 garbage-first heap   total 385024K, used 30558K [0x0000000080000000, 0x0000000100000000)
  region size 1024K, 14 young (14336K), 14 survivors (14336K)
 Metaspace       used 43519K, capacity 44717K, committed 44800K, reserved 555008K
  class space    used 5587K, capacity 6073K, committed 6144K, reserved 516096K
}
Event: 10.224 GC heap before
{Heap before GC invocations=7 (full 0):
 garbage-first heap   total 385024K, used 195422K [0x0000000080000000, 0x0000000100000000)
  region size 1024K, 171 young (175104K), 14 survivors (14336K)
 Metaspace       used 55931K, capacity 57619K, committed 57856K, reserved 567296K
  class space    used 7404K, capacity 8123K, committed 8192K, reserved 516096K
}
Event: 10.233 GC heap after
{Heap after GC invocations=8 (full 0):
 garbage-first heap   total 385024K, used 41512K [0x0000000080000000, 0x0000000100000000)
  region size 1024K, 15 young (15360K), 15 survivors (15360K)
 Metaspace       used 55931K, capacity 57619K, committed 57856K, reserved 567296K
  class space    used 7404K, capacity 8123K, committed 8192K, reserved 516096K
}
Event: 10.506 GC heap before
{Heap before GC invocations=8 (full 0):
 garbage-first heap   total 385024K, used 71208K [0x0000000080000000, 0x0000000100000000)
  region size 1024K, 45 young (46080K), 15 survivors (15360K)
 Metaspace       used 58093K, capacity 59781K, committed 59904K, reserved 569344K
  class space    used 7724K, capacity 8419K, committed 8448K, reserved 516096K
}
Event: 10.512 GC heap after
{Heap after GC invocations=9 (full 0):
 garbage-first heap   total 385024K, used 42536K [0x0000000080000000, 0x0000000100000000)
  region size 1024K, 16 young (16384K), 16 survivors (16384K)
 Metaspace       used 58093K, capacity 59781K, committed 59904K, reserved 569344K
  class space    used 7724K, capacity 8419K, committed 8448K, reserved 516096K
}
Event: 15.839 GC heap before
{Heap before GC invocations=10 (full 0):
 garbage-first heap   total 385024K, used 247336K [0x0000000080000000, 0x0000000100000000)
  region size 1024K, 216 young (221184K), 16 survivors (16384K)
 Metaspace       used 69360K, capacity 71483K, committed 71552K, reserved 577536K
  class space    used 9236K, capacity 10112K, committed 10112K, reserved 516096K
}
Event: 15.852 GC heap after
{Heap after GC invocations=11 (full 0):
 garbage-first heap   total 385024K, used 53350K [0x0000000080000000, 0x0000000100000000)
  region size 1024K, 19 young (19456K), 19 survivors (19456K)
 Metaspace       used 69360K, capacity 71483K, committed 71552K, reserved 577536K
  class space    used 9236K, capacity 10112K, committed 10112K, reserved 516096K
}
Event: 20.323 GC heap before
{Heap before GC invocations=11 (full 0):
 garbage-first heap   total 385024K, used 275558K [0x0000000080000000, 0x0000000100000000)
  region size 1024K, 225 young (230400K), 19 survivors (19456K)
 Metaspace       used 85412K, capacity 87679K, committed 87936K, reserved 591872K
  class space    used 11369K, capacity 12332K, committed 12416K, reserved 516096K
}
Event: 20.338 GC heap after
{Heap after GC invocations=12 (full 0):
 garbage-first heap   total 385024K, used 74751K [0x0000000080000000, 0x0000000100000000)
  region size 1024K, 29 young (29696K), 29 survivors (29696K)
 Metaspace       used 85412K, capacity 87679K, committed 87936K, reserved 591872K
  class space    used 11369K, capacity 12332K, committed 12416K, reserved 516096K
}

